[debug] [2023-03-10T15:14:14.594Z] ----------------------------------------------------------------------
[debug] [2023-03-10T15:14:14.596Z] Command:       C:\Users\jonat\DOWNLO~1\Programs\firebase-tools-instant-win.exe C:\Users\jonat\.cache\firebase\tools\lib\node_modules\firebase-tools\lib\bin\firebase init hosting
[debug] [2023-03-10T15:14:14.596Z] CLI Version:   11.24.1
[debug] [2023-03-10T15:14:14.596Z] Platform:      win32
[debug] [2023-03-10T15:14:14.596Z] Node Version:  v16.16.0
[debug] [2023-03-10T15:14:14.597Z] Time:          Fri Mar 10 2023 11:14:14 GMT-0400 (GMT-04:00)
[debug] [2023-03-10T15:14:14.598Z] ----------------------------------------------------------------------
[debug] 
[debug] [2023-03-10T15:14:14.605Z] > command requires scopes: ["email","openid","https://www.googleapis.com/auth/cloudplatformprojects.readonly","https://www.googleapis.com/auth/firebase","https://www.googleapis.com/auth/cloud-platform"]
[debug] [2023-03-10T15:14:14.605Z] > authorizing via signed-in user (jonathanurosa@gmail.com)
[info] 
     ######## #### ########  ######## ########     ###     ######  ########
     ##        ##  ##     ## ##       ##     ##  ##   ##  ##       ##
     ######    ##  ########  ######   ########  #########  ######  ######
     ##        ##  ##    ##  ##       ##     ## ##     ##       ## ##
     ##       #### ##     ## ######## ########  ##     ##  ######  ########

You're about to initialize a Firebase project in this directory:

  E:\Desarrollo\Proyects\IlumineWorks\PixelMind\pixelmind-plugin-unity-pkg\builds\webgl\2023_03_10

[info] 
=== Project Setup
[info] 
[info] First, let's associate this project directory with a Firebase project.
[info] You can create multiple project aliases by running firebase use --add, 
[info] but for now we'll just set up a default project.
[info] 
[debug] [2023-03-10T15:15:57.748Z] >>> [apiv2][query] GET https://firebase.googleapis.com/v1beta1/projects pageSize=100
[debug] [2023-03-10T15:15:58.273Z] <<< [apiv2][status] GET https://firebase.googleapis.com/v1beta1/projects 200
[debug] [2023-03-10T15:15:58.273Z] <<< [apiv2][body] GET https://firebase.googleapis.com/v1beta1/projects [omitted]
[info] i  Using project ai-explorer2023 (AI Explorer) 
[info] 
=== Hosting Setup
[info] 
[info] Your public directory is the folder (relative to your project directory) that
[info] will contain Hosting assets to be uploaded with firebase deploy. If you
[info] have a build process for your assets, use your build's output directory.
[info] 
[debug] [2023-03-10T15:16:58.576Z] >>> [apiv2][query] GET https://www.gstatic.com/firebasejs/releases.json [none]
[debug] [2023-03-10T15:16:58.813Z] <<< [apiv2][status] GET https://www.gstatic.com/firebasejs/releases.json 200
[debug] [2023-03-10T15:16:58.813Z] <<< [apiv2][body] GET https://www.gstatic.com/firebasejs/releases.json {"current":{"version":"9.17.2","browserURL":"https://www.gstatic.com/firebasejs/9.17.2/firebase.js","packageURL":"https://www.gstatic.com/firebasejs/9.17.2/firebase.tgz"},"live":{"version":"9.17","browserURL":"https://www.gstatic.com/firebasejs/live/9.17/firebase.js","packageURL":"https://www.gstatic.com/firebasejs/live/9.17/firebase.tgz"},"components":{"analytics":"https://www.gstatic.com/firebasejs/9.17.2/firebase-analytics.js","app":"https://www.gstatic.com/firebasejs/9.17.2/firebase-app.js","app-check":"https://www.gstatic.com/firebasejs/9.17.2/firebase-app-check.js","auth":"https://www.gstatic.com/firebasejs/9.17.2/firebase-auth.js","auth/cordova":"https://www.gstatic.com/firebasejs/9.17.2/firebase-auth/cordova.js","auth/react-native":"https://www.gstatic.com/firebasejs/9.17.2/firebase-auth/react-native.js","functions":"https://www.gstatic.com/firebasejs/9.17.2/firebase-functions.js","firestore":"https://www.gstatic.com/firebasejs/9.17.2/firebase-firestore.js","firestore/lite":"https://www.gstatic.com/firebasejs/9.17.2/firebase-firestore/lite.js","installations":"https://www.gstatic.com/firebasejs/9.17.2/firebase-installations.js","storage":"https://www.gstatic.com/firebasejs/9.17.2/firebase-storage.js","performance":"https://www.gstatic.com/firebasejs/9.17.2/firebase-performance.js","remote-config":"https://www.gstatic.com/firebasejs/9.17.2/firebase-remote-config.js","messaging":"https://www.gstatic.com/firebasejs/9.17.2/firebase-messaging.js","messaging/sw":"https://www.gstatic.com/firebasejs/9.17.2/firebase-messaging/sw.js","database":"https://www.gstatic.com/firebasejs/9.17.2/firebase-database.js","firestore.memory":"https://www.gstatic.com/firebasejs/9.17.2/firebase-firestore.memory.js"}}
[info] +  Wrote si/index.html 
[info] 
[info] i  Didn't detect a .git folder. Assuming E:\Desarrollo\Proyects\IlumineWorks\PixelMind\pixelmind-plugin-unity-pkg\builds\webgl\2023_03_10 is the project root. 
[info] i  Authorizing with GitHub to upload your service account to a GitHub repository's secrets store. 
[info] 
[info] Visit this URL on this device to log in:
[info] https://github.com/login/oauth/authorize?client_id=89cf50f02ac6aaed3484&state=794207435&redirect_uri=http%3A%2F%2Flocalhost%3A9005&scope=read%3Auser%20repo%20public_repo
[info] 
[info] Waiting for authentication...
[debug] [2023-03-10T15:18:40.506Z] >>> [apiv2][query] POST https://github.com/login/oauth/access_token [none]
[debug] [2023-03-10T15:18:40.506Z] >>> [apiv2][body] POST https://github.com/login/oauth/access_token [stream]
[debug] [2023-03-10T15:18:40.823Z] <<< [apiv2][status] POST https://github.com/login/oauth/access_token 200
[debug] [2023-03-10T15:18:40.823Z] <<< [apiv2][body] POST https://github.com/login/oauth/access_token {"access_token":"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","token_type":"bearer","scope":"read:user,repo"}
[debug] [2023-03-10T15:18:40.827Z] >>> [apiv2][query] GET https://api.github.com/user [none]
[debug] [2023-03-10T15:18:41.237Z] <<< [apiv2][status] GET https://api.github.com/user 200
[debug] [2023-03-10T15:18:41.237Z] <<< [apiv2][body] GET https://api.github.com/user {"login":"JonathanUrosa","id":51730896,"node_id":"MDQ6VXNlcjUxNzMwODk2","avatar_url":"https://avatars.githubusercontent.com/u/51730896?v=4","gravatar_id":"","url":"https://api.github.com/users/JonathanUrosa","html_url":"https://github.com/JonathanUrosa","followers_url":"https://api.github.com/users/JonathanUrosa/followers","following_url":"https://api.github.com/users/JonathanUrosa/following{/other_user}","gists_url":"https://api.github.com/users/JonathanUrosa/gists{/gist_id}","starred_url":"https://api.github.com/users/JonathanUrosa/starred{/owner}{/repo}","subscriptions_url":"https://api.github.com/users/JonathanUrosa/subscriptions","organizations_url":"https://api.github.com/users/JonathanUrosa/orgs","repos_url":"https://api.github.com/users/JonathanUrosa/repos","events_url":"https://api.github.com/users/JonathanUrosa/events{/privacy}","received_events_url":"https://api.github.com/users/JonathanUrosa/received_events","type":"User","site_admin":false,"name":"Jonathan Urosa","company":"@vision-expresiva ","blog":"https://www.linkedin.com/in/jonathanurosa/","location":null,"email":null,"hireable":null,"bio":"I am a professional game developer with an experience of more than 5 years of game development in Unity. I have made videogames for mobiles, browser and desktop","twitter_username":"JonathanUrosa","public_repos":16,"public_gists":0,"followers":0,"following":2,"created_at":"2019-06-12T03:11:31Z","updated_at":"2023-03-10T15:17:39Z","private_gists":0,"total_private_repos":4,"owned_private_repos":4,"disk_usage":2519380,"collaborators":1,"two_factor_authentication":false,"plan":{"name":"free","space":976562499,"collaborators":0,"private_repos":10000}}
[info] 
[info] +  Success! Logged into GitHub as JonathanUrosa 
[info] 
[debug] [2023-03-10T15:19:57.801Z] >>> [apiv2][query] GET https://api.github.com/repos/repository/actions/secrets/public-key type=owner
[debug] [2023-03-10T15:19:58.125Z] <<< [apiv2][status] GET https://api.github.com/repos/repository/actions/secrets/public-key 404
[debug] [2023-03-10T15:19:58.125Z] <<< [apiv2][body] GET https://api.github.com/repos/repository/actions/secrets/public-key {"message":"Not Found","documentation_url":"https://docs.github.com/rest"}
[debug] [2023-03-10T15:19:59.740Z] >>> [apiv2][query] GET https://api.github.com/repos/repository/actions/secrets/public-key type=owner
[debug] [2023-03-10T15:19:59.991Z] <<< [apiv2][status] GET https://api.github.com/repos/repository/actions/secrets/public-key 404
[debug] [2023-03-10T15:19:59.991Z] <<< [apiv2][body] GET https://api.github.com/repos/repository/actions/secrets/public-key {"message":"Not Found","documentation_url":"https://docs.github.com/rest"}
